[2026-04-22 09:32:03] START | 귀속월: 2026/05
[2026-04-22 09:33:22] SUCCESS | 동국제약 주식회사 | 탭: 2026.05 | URL: https://docs.google.com/spreadsheets/d/1GdagWo40DxaWilfeMeGF_7flibtSpvnO371EmVPFgS8/edit#gid=1408636580
[2026-04-22 09:33:50] ERROR | 동국제약 주식회사 | 메일 초안 생성 실패: [AUTHENTICATIONFAILED] Invalid credentials
[2026-04-22 10:00:49] SUCCESS | 주식회사 상경에프앤비 | 탭: 2026.05 | URL: https://docs.google.com/spreadsheets/d/1obrOFgHmuI9BnCXPdYbWV9xP2tDItcxzxOrwr24Fd4g/edit#gid=919164400
[2026-04-22 11:08:10] SUCCESS | 주식회사 상경에프앤비 | 메일 초안 생성 완료
[2026-04-22 11:14:23] SUCCESS | PHARMARESEARCH USA, INC | 탭: 2026.05 | URL: https://docs.google.com/spreadsheets/d/1QbcFEYY3xCTVUhjJS_6lgl2gvHSQYNC1f55Q5lqJV48/edit#gid=8727644
[2026-04-27 14:02:20] START | 귀속월: 2026/05
[2026-04-27 14:07:01] SKIP | 주식회사 상경에프앤비 | 탭 이미 존재: 2026.05
[2026-04-27 14:07:34] SKIP | 주식회사 씨앤씨브라더스 | 탭 이미 존재: 2026.05
[2026-04-27 14:07:41] SUCCESS | 동국제약 주식회사 | 탭: 2026.05 | URL: https://docs.google.com/spreadsheets/d/1GdagWo40DxaWilfeMeGF_7flibtSpvnO371EmVPFgS8/edit#gid=2122567155
[2026-04-27 14:07:51] SUCCESS | 동화약품(주) | 탭: 2026.05 | URL: https://docs.google.com/spreadsheets/d/1W6Eno78tt3DSVZ8d5lhMqjxSg1mICufooAmlCPVZh28/edit#gid=646357422
[2026-04-27 14:07:55] SKIP | 종근당건강(주) | 탭 이미 존재: 2026.05
[2026-04-27 14:08:10] SUCCESS | 주식회사 야다 | 탭: 2026.05 | URL: https://docs.google.com/spreadsheets/d/19QreH2ko4-MJxSAIlfDWQb0D7CY_vZPOjosjKVSnWXA/edit#gid=1365176040
[2026-04-27 14:08:16] SKIP | (주)신세계인터내셔날 | 탭 이미 존재: 2026.05
[2026-04-27 14:08:33] SUCCESS | 주식회사 케이뉴트라랩 | 탭: 2026.05 | URL: https://docs.google.com/spreadsheets/d/1bnA5HknM1TSf2EnDEIo1cxSgvvb38Qji_qBwjKfDxwc/edit#gid=1942751749
[2026-04-27 14:08:37] SKIP | 주식회사 제네웰 | 탭 이미 존재: 2026.05
[2026-04-27 14:08:45] SUCCESS | PHARMARESEARCH USA, INC | 탭: 2026.05 | URL: https://docs.google.com/spreadsheets/d/1QbcFEYY3xCTVUhjJS_6lgl2gvHSQYNC1f55Q5lqJV48/edit#gid=1272251966
[2026-04-27 14:08:47] SKIP | (주)에이치유지 | 탭 이미 존재: 2026.05
[2026-04-27 14:09:02] SUCCESS | ABLE C&C US INC | 탭: 2026.05 | URL: https://docs.google.com/spreadsheets/d/1gzHpPOb4Ms2KM9G_Zu1Ivg5MM3DMF65TqAJEUFvJ5NU/edit#gid=1547815356
[2026-04-27 14:09:23] SUCCESS | 주식회사 바람인터내셔날 | 탭: 2026.05 | URL: https://docs.google.com/spreadsheets/d/11j-9lp0yv8eecvupffmieLmuczoktooYahyDhikVsfM/edit#gid=1799924336
[2026-04-27 14:10:24] SUCCESS | 주식회사 올그레이스 | 탭: 2026.05 | URL: https://docs.google.com/spreadsheets/d/1tPR4Tr-_jYCDWLEyDGHCe3_nZv83JWG871zqTd3MgD8/edit#gid=1871816781
[2026-04-27 14:10:48] SUCCESS | 주식회사 뉴트리원 | 탭: 2026.05 | URL: https://docs.google.com/spreadsheets/d/17Dex0T8kshkIOWvzVNS_7pXNfO3AaBRMpq12pVAdv8g/edit#gid=2045857395
[2026-04-27 14:10:49] SUCCESS | 주식회사 닥터스코스메틱 | 탭: 2026.05 | URL: https://docs.google.com/spreadsheets/d/1iCqO5DZYUjhX0Wjc-Fn8miB_He5HIW9lT93fgK7Bj5U/edit#gid=1625927827
[2026-04-27 14:11:03] SUCCESS | 주식회사 바임 | 탭: 2026.05 | URL: https://docs.google.com/spreadsheets/d/1qtfvZ-ImX-WqSzhj2AdFrEWOuRXBOKa5dV1JtuvzF9c/edit#gid=1183433286
[2026-04-27 14:14:47] END | 총 17건 | 성공 11 / 스킵 6 / 실패 0
[2026-04-27 15:49:17] START | 귀속월: 2026/05
[2026-04-27 15:51:09] SUCCESS | 동국제약 주식회사 | 탭: 2026.05 | URL: https://docs.google.com/spreadsheets/d/1GdagWo40DxaWilfeMeGF_7flibtSpvnO371EmVPFgS8/edit#gid=312926173
[2026-04-27 15:52:10] END | 총 1건 | 성공 1 / 스킵 0 / 실패 0
[2026-04-27 15:56:21] SUCCESS | 주식회사 야다 | 탭: 2026.05 | URL: https://docs.google.com/spreadsheets/d/19QreH2ko4-MJxSAIlfDWQb0D7CY_vZPOjosjKVSnWXA/edit#gid=932033695
[2026-04-27 16:14:59] SUCCESS | 주식회사 야다 | 탭: 2026.05 | URL: https://docs.google.com/spreadsheets/d/19QreH2ko4-MJxSAIlfDWQb0D7CY_vZPOjosjKVSnWXA/edit#gid=1226136081
[2026-04-27 16:51:29] START | 귀속월: 2026/05
[2026-04-27 16:52:36] SKIP | 주식회사 야다 | 탭 이미 존재: 2026.05
[2026-04-27 16:52:56] SKIP | 주식회사 야다 | 탭 이미 존재: 2026.05
[2026-04-27 16:53:05] END | 총 1건 | 성공 0 / 스킵 1 / 실패 0
[2026-04-27 16:59:19] SUCCESS | 주식회사 야다 | 탭: 2026.05 | URL: https://docs.google.com/spreadsheets/d/19QreH2ko4-MJxSAIlfDWQb0D7CY_vZPOjosjKVSnWXA/edit#gid=1052845290
[2026-04-27 17:00:24] SUCCESS | 주식회사 야다 | 탭: 2026.05 | URL: https://docs.google.com/spreadsheets/d/19QreH2ko4-MJxSAIlfDWQb0D7CY_vZPOjosjKVSnWXA/edit#gid=1052845290
[2026-04-27 17:00:38] END | 총 1건 | 성공 1 / 스킵 0 / 실패 0
[2026-04-28 15:27:05] SUCCESS | 주식회사 남유에프엔씨 | 탭: 2026.05 | URL: https://docs.google.com/spreadsheets/d/1veuaVY23TPRMxsYsIAnVM-6eFffmMAXvR5P1wtxr7R4/edit#gid=4682211
[2026-04-28 15:28:05] SUCCESS | 주식회사 남유에프엔씨 | 탭: 2026.05 | URL: https://docs.google.com/spreadsheets/d/1veuaVY23TPRMxsYsIAnVM-6eFffmMAXvR5P1wtxr7R4/edit#gid=4682211
[2026-04-30 11:20:20] START | 귀속월: 2026/05
[2026-04-30 11:24:06] SKIP | 동국제약 주식회사 | 탭 이미 존재: 2026.05
[2026-05-19 14:23:53] SKIP | 동국제약 주식회사 | 탭 이미 존재: 2026.05
[2026-05-19 14:26:12] SUCCESS | PHARMARESEARCH USA, INC | 탭: 2026.05 | URL: https://docs.google.com/spreadsheets/d/1QbcFEYY3xCTVUhjJS_6lgl2gvHSQYNC1f55Q5lqJV48/edit#gid=1272251966
